2014-03-08 22:38:06.095 Workshop[57981:80b] Multi-tasking -> Device: YES, App: YES
2014-03-08 22:38:06.119 Workshop[57981:80b] Unlimited access to network resources
2014-03-08 22:38:06.529 Workshop[57981:80b] Resetting plugins due to page load.
2014-03-08 22:38:06.677 Workshop[57981:80b] Finished load of: file:///Users/leeight/Library/Application%20Support/iPhone%20Simulator/7.0.3/Applications/16FADB7F-75BC-4FD5-9214-6F5419075211/Workshop.app/www/index.html
2014-03-08 22:38:06.735 Workshop[57981:80b] Received Event: deviceready
2014-03-08 22:47:18.177 Workshop[58661:80b] Multi-tasking -> Device: YES, App: YES
2014-03-08 22:47:18.186 Workshop[58661:80b] Unlimited access to network resources
2014-03-08 22:47:18.364 Workshop[58661:80b] Resetting plugins due to page load.
2014-03-08 22:47:18.483 Workshop[58661:80b] Finished load of: file:///Users/leeight/Library/Application%20Support/iPhone%20Simulator/7.0.3/Applications/16FADB7F-75BC-4FD5-9214-6F5419075211/Workshop.app/www/index.html
Terminating in response to SpringBoard's termination.
2014-03-08 22:48:14.902 Workshop[58867:80b] Multi-tasking -> Device: YES, App: YES
2014-03-08 22:48:14.912 Workshop[58867:80b] Unlimited access to network resources
2014-03-08 22:48:15.087 Workshop[58867:80b] Resetting plugins due to page load.
2014-03-08 22:48:15.145 Workshop[58867:80b] Finished load of: file:///Users/leeight/Library/Application%20Support/iPhone%20Simulator/7.0.3/Applications/16FADB7F-75BC-4FD5-9214-6F5419075211/Workshop.app/www/index.html
Terminating in response to SpringBoard's termination.
2014-03-08 23:35:18.437 Workshop[60990:80b] Multi-tasking -> Device: YES, App: YES
2014-03-08 23:35:18.447 Workshop[60990:80b] Unlimited access to network resources
2014-03-08 23:35:18.618 Workshop[60990:80b] Resetting plugins due to page load.
2014-03-08 23:35:18.873 Workshop[60990:80b] Finished load of: file:///Users/leeight/Library/Application%20Support/iPhone%20Simulator/7.0.3/Applications/16FADB7F-75BC-4FD5-9214-6F5419075211/Workshop.app/www/index.html
2014-03-08 23:35:26.665 Workshop[60990:80b] addToContacts
2014-03-08 23:35:30.518 Workshop[60990:80b] addToContacts
2014-03-08 23:36:53.034 Workshop[60990:80b] Failed to load webpage with error: The URL can’t be shown
2014-03-08 23:37:11.990 Workshop[60990:80b] Failed to load webpage with error: The URL can’t be shown
2014-03-08 23:37:13.070 Workshop[60990:80b] Failed to load webpage with error: The URL can’t be shown
2014-03-08 23:37:15.109 Workshop[60990:80b] Failed to load webpage with error: The URL can’t be shown
2014-03-08 23:37:15.642 Workshop[60990:80b] Failed to load webpage with error: The URL can’t be shown
2014-03-08 23:37:15.874 Workshop[60990:80b] Failed to load webpage with error: The URL can’t be shown
2014-03-08 23:37:16.418 Workshop[60990:80b] Failed to load webpage with error: The URL can’t be shown
2014-03-08 23:37:17.276 Workshop[60990:80b] Failed to load webpage with error: The URL can’t be shown
2014-03-08 23:37:17.476 Workshop[60990:80b] Failed to load webpage with error: The URL can’t be shown
2014-03-08 23:37:17.724 Workshop[60990:80b] Failed to load webpage with error: The URL can’t be shown
2014-03-08 23:37:18.951 Workshop[60990:80b] addToContacts
2014-03-08 23:37:19.495 Workshop[60990:80b] addToContacts
2014-03-08 23:37:20.588 Workshop[60990:80b] Failed to load webpage with error: The URL can’t be shown
2014-03-08 23:37:20.939 Workshop[60990:80b] Failed to load webpage with error: The URL can’t be shown
2014-03-08 23:37:21.248 Workshop[60990:80b] Failed to load webpage with error: The URL can’t be shown
